# JRE version: Java(TM) SE Runtime Environment (13.0+33) (build 13+33)
# Java VM: Java HotSpot(TM) 64-Bit Server VM (13+33, mixed mode, sharing, tiered, compressed oops, g1 gc, windows-amd64)
Heap:
 garbage-first heap   total 140288K, used 98175K [0x0000000702800000, 0x0000000800000000)
  region size 1024K, 26 young (26624K), 4 survivors (4096K)
 Metaspace       used 46815K, capacity 48289K, committed 48460K, reserved 1091584K
  class space    used 5873K, capacity 6413K, committed 6528K, reserved 1048576K
GC Heap History (20 events):
Event: 37.579 GC heap before
{Heap before GC invocations=206 (full 0):
 garbage-first heap   total 140288K, used 61037K [0x0000000702800000, 0x0000000800000000)
  region size 1024K, 18 young (18432K), 6 survivors (6144K)
 Metaspace       used 46439K, capacity 47831K, committed 48076K, reserved 1091584K
  class space    used 5858K, capacity 6367K, committed 6400K, reserved 1048576K
}
Event: 37.582 GC heap after
{Heap after GC invocations=207 (full 0):
 garbage-first heap   total 140288K, used 40435K [0x0000000702800000, 0x0000000800000000)
  region size 1024K, 4 young (4096K), 4 survivors (4096K)
 Metaspace       used 46439K, capacity 47831K, committed 48076K, reserved 1091584K
  class space    used 5858K, capacity 6367K, committed 6400K, reserved 1048576K
}
Event: 37.925 GC heap before
{Heap before GC invocations=208 (full 0):
 garbage-first heap   total 140288K, used 48627K [0x0000000702800000, 0x0000000800000000)
  region size 1024K, 10 young (10240K), 4 survivors (4096K)
 Metaspace       used 46439K, capacity 47831K, committed 48076K, reserved 1091584K
  class space    used 5858K, capacity 6367K, committed 6400K, reserved 1048576K
}
Event: 37.927 GC heap after
{Heap after GC invocations=209 (full 0):
 garbage-first heap   total 140288K, used 40415K [0x0000000702800000, 0x0000000800000000)
  region size 1024K, 4 young (4096K), 4 survivors (4096K)
 Metaspace       used 46439K, capacity 47831K, committed 48076K, reserved 1091584K
  class space    used 5858K, capacity 6367K, committed 6400K, reserved 1048576K
}
Event: 38.081 GC heap before
{Heap before GC invocations=210 (full 0):
 garbage-first heap   total 140288K, used 46559K [0x0000000702800000, 0x0000000800000000)
  region size 1024K, 7 young (7168K), 4 survivors (4096K)
 Metaspace       used 46439K, capacity 47831K, committed 48076K, reserved 1091584K
  class space    used 5858K, capacity 6367K, committed 6400K, reserved 1048576K
}
Event: 38.084 GC heap after
{Heap after GC invocations=211 (full 0):
 garbage-first heap   total 140288K, used 40197K [0x0000000702800000, 0x0000000800000000)
  region size 1024K, 4 young (4096K), 4 survivors (4096K)
 Metaspace       used 46439K, capacity 47831K, committed 48076K, reserved 1091584K
  class space    used 5858K, capacity 6367K, committed 6400K, reserved 1048576K
}
Event: 38.313 GC heap before
{Heap before GC invocations=212 (full 0):
 garbage-first heap   total 140288K, used 51461K [0x0000000702800000, 0x0000000800000000)
  region size 1024K, 9 young (9216K), 4 survivors (4096K)
 Metaspace       used 46439K, capacity 47831K, committed 48076K, reserved 1091584K
  class space    used 5858K, capacity 6367K, committed 6400K, reserved 1048576K
}
Event: 38.316 GC heap after
{Heap after GC invocations=213 (full 0):
 garbage-first heap   total 140288K, used 40768K [0x0000000702800000, 0x0000000800000000)
  region size 1024K, 5 young (5120K), 5 survivors (5120K)
 Metaspace       used 46439K, capacity 47831K, committed 48076K, reserved 1091584K
  class space    used 5858K, capacity 6367K, committed 6400K, reserved 1048576K
}
Event: 38.483 GC heap before
{Heap before GC invocations=214 (full 0):
 garbage-first heap   total 140288K, used 45888K [0x0000000702800000, 0x0000000800000000)
  region size 1024K, 11 young (11264K), 5 survivors (5120K)
 Metaspace       used 46444K, capacity 47831K, committed 48076K, reserved 1091584K
  class space    used 5858K, capacity 6367K, committed 6400K, reserved 1048576K
}
Event: 38.485 GC heap after
{Heap after GC invocations=215 (full 0):
 garbage-first heap   total 140288K, used 40479K [0x0000000702800000, 0x0000000800000000)
  region size 1024K, 5 young (5120K), 5 survivors (5120K)
 Metaspace       used 46444K, capacity 47831K, committed 48076K, reserved 1091584K
  class space    used 5858K, capacity 6367K, committed 6400K, reserved 1048576K
}
Event: 38.878 GC heap before
{Heap before GC invocations=216 (full 0):
 garbage-first heap   total 140288K, used 46623K [0x0000000702800000, 0x0000000800000000)
  region size 1024K, 12 young (12288K), 5 survivors (5120K)
 Metaspace       used 46457K, capacity 47895K, committed 48076K, reserved 1091584K
  class space    used 5858K, capacity 6367K, committed 6400K, reserved 1048576K
}
Event: 38.881 GC heap after
{Heap after GC invocations=217 (full 0):
 garbage-first heap   total 140288K, used 40394K [0x0000000702800000, 0x0000000800000000)
  region size 1024K, 5 young (5120K), 5 survivors (5120K)
 Metaspace       used 46457K, capacity 47895K, committed 48076K, reserved 1091584K
  class space    used 5858K, capacity 6367K, committed 6400K, reserved 1048576K
}
Event: 54.984 GC heap before
{Heap before GC invocations=218 (full 0):
 garbage-first heap   total 140288K, used 106954K [0x0000000702800000, 0x0000000800000000)
  region size 1024K, 63 young (64512K), 5 survivors (5120K)
 Metaspace       used 46608K, capacity 47959K, committed 48076K, reserved 1091584K
  class space    used 5858K, capacity 6367K, committed 6400K, reserved 1048576K
}
Event: 54.986 GC heap after
{Heap after GC invocations=219 (full 0):
 garbage-first heap   total 140288K, used 44461K [0x0000000702800000, 0x0000000800000000)
  region size 1024K, 8 young (8192K), 8 survivors (8192K)
 Metaspace       used 46608K, capacity 47959K, committed 48076K, reserved 1091584K
  class space    used 5858K, capacity 6367K, committed 6400K, reserved 1048576K
}
Event: 60.989 GC heap before
{Heap before GC invocations=219 (full 0):
 garbage-first heap   total 140288K, used 87469K [0x0000000702800000, 0x0000000800000000)
  region size 1024K, 52 young (53248K), 8 survivors (8192K)
 Metaspace       used 46755K, capacity 48223K, committed 48460K, reserved 1091584K
  class space    used 5873K, capacity 6413K, committed 6528K, reserved 1048576K
}
Event: 60.992 GC heap after
{Heap after GC invocations=220 (full 0):
 garbage-first heap   total 140288K, used 42825K [0x0000000702800000, 0x0000000800000000)
  region size 1024K, 5 young (5120K), 5 survivors (5120K)
 Metaspace       used 46755K, capacity 48223K, committed 48460K, reserved 1091584K
  class space    used 5873K, capacity 6413K, committed 6528K, reserved 1048576K
}
Event: 61.103 GC heap before
{Heap before GC invocations=221 (full 0):
 garbage-first heap   total 140288K, used 53065K [0x0000000702800000, 0x0000000800000000)
  region size 1024K, 11 young (11264K), 5 survivors (5120K)
 Metaspace       used 46757K, capacity 48223K, committed 48460K, reserved 1091584K
  class space    used 5873K, capacity 6413K, committed 6528K, reserved 1048576K
}
Event: 61.106 GC heap after
{Heap after GC invocations=222 (full 0):
 garbage-first heap   total 140288K, used 45260K [0x0000000702800000, 0x0000000800000000)
  region size 1024K, 3 young (3072K), 3 survivors (3072K)
 Metaspace       used 46757K, capacity 48223K, committed 48460K, reserved 1091584K
  class space    used 5873K, capacity 6413K, committed 6528K, reserved 1048576K
}
Event: 61.363 GC heap before
{Heap before GC invocations=223 (full 0):
 garbage-first heap   total 140288K, used 78028K [0x0000000702800000, 0x0000000800000000)
  region size 1024K, 13 young (13312K), 3 survivors (3072K)
 Metaspace       used 46792K, capacity 48223K, committed 48460K, reserved 1091584K
  class space    used 5873K, capacity 6413K, committed 6528K, reserved 1048576K
}
Event: 61.366 GC heap after
{Heap after GC invocations=224 (full 0):
 garbage-first heap   total 140288K, used 49023K [0x0000000702800000, 0x0000000800000000)
  region size 1024K, 4 young (4096K), 4 survivors (4096K)
 Metaspace       used 46792K, capacity 48223K, committed 48460K, reserved 1091584K
  class space    used 5873K, capacity 6413K, committed 6528K, reserved 1048576K
}

