# JRE version: Java(TM) SE Runtime Environment (13.0+33) (build 13+33)
# Java VM: Java HotSpot(TM) 64-Bit Server VM (13+33, mixed mode, sharing, tiered, compressed oops, g1 gc, windows-amd64)
Heap:
 garbage-first heap   total 150528K, used 100946K [0x0000000702800000, 0x0000000800000000)
  region size 1024K, 32 young (32768K), 3 survivors (3072K)
 Metaspace       used 44065K, capacity 45174K, committed 45308K, reserved 1089536K
  class space    used 5447K, capacity 5888K, committed 5964K, reserved 1048576K
GC Heap History (20 events):
Event: 41.474 GC heap before
{Heap before GC invocations=149 (full 0):
 garbage-first heap   total 146432K, used 65122K [0x0000000702800000, 0x0000000800000000)
  region size 1024K, 8 young (8192K), 3 survivors (3072K)
 Metaspace       used 44020K, capacity 45172K, committed 45308K, reserved 1089536K
  class space    used 5446K, capacity 5888K, committed 5964K, reserved 1048576K
}
Event: 41.476 GC heap after
{Heap after GC invocations=150 (full 0):
 garbage-first heap   total 146432K, used 42908K [0x0000000702800000, 0x0000000800000000)
  region size 1024K, 1 young (1024K), 1 survivors (1024K)
 Metaspace       used 44020K, capacity 45172K, committed 45308K, reserved 1089536K
  class space    used 5446K, capacity 5888K, committed 5964K, reserved 1048576K
}
Event: 42.023 GC heap before
{Heap before GC invocations=150 (full 0):
 garbage-first heap   total 146432K, used 81820K [0x0000000702800000, 0x0000000800000000)
  region size 1024K, 19 young (19456K), 1 survivors (1024K)
 Metaspace       used 44027K, capacity 45173K, committed 45308K, reserved 1089536K
  class space    used 5446K, capacity 5888K, committed 5964K, reserved 1048576K
}
Event: 42.025 GC heap after
{Heap after GC invocations=151 (full 0):
 garbage-first heap   total 146432K, used 50070K [0x0000000702800000, 0x0000000800000000)
  region size 1024K, 2 young (2048K), 2 survivors (2048K)
 Metaspace       used 44027K, capacity 45173K, committed 45308K, reserved 1089536K
  class space    used 5446K, capacity 5888K, committed 5964K, reserved 1048576K
}
Event: 43.519 GC heap before
{Heap before GC invocations=152 (full 0):
 garbage-first heap   total 148480K, used 146326K [0x0000000702800000, 0x0000000800000000)
  region size 1024K, 42 young (43008K), 2 survivors (2048K)
 Metaspace       used 44027K, capacity 45173K, committed 45308K, reserved 1089536K
  class space    used 5446K, capacity 5888K, committed 5964K, reserved 1048576K
}
Event: 43.522 GC heap after
{Heap after GC invocations=153 (full 0):
 garbage-first heap   total 153600K, used 67179K [0x0000000702800000, 0x0000000800000000)
  region size 1024K, 5 young (5120K), 5 survivors (5120K)
 Metaspace       used 44027K, capacity 45173K, committed 45308K, reserved 1089536K
  class space    used 5446K, capacity 5888K, committed 5964K, reserved 1048576K
}
Event: 43.600 GC heap before
{Heap before GC invocations=153 (full 0):
 garbage-first heap   total 153600K, used 68203K [0x0000000702800000, 0x0000000800000000)
  region size 1024K, 7 young (7168K), 5 survivors (5120K)
 Metaspace       used 44027K, capacity 45173K, committed 45308K, reserved 1089536K
  class space    used 5446K, capacity 5888K, committed 5964K, reserved 1048576K
}
Event: 43.604 GC heap after
{Heap after GC invocations=154 (full 0):
 garbage-first heap   total 153600K, used 40308K [0x0000000702800000, 0x0000000800000000)
  region size 1024K, 1 young (1024K), 1 survivors (1024K)
 Metaspace       used 44027K, capacity 45173K, committed 45308K, reserved 1089536K
  class space    used 5446K, capacity 5888K, committed 5964K, reserved 1048576K
}
Event: 43.848 GC heap before
{Heap before GC invocations=154 (full 0):
 garbage-first heap   total 153600K, used 43380K [0x0000000702800000, 0x0000000800000000)
  region size 1024K, 6 young (6144K), 1 survivors (1024K)
 Metaspace       used 44027K, capacity 45173K, committed 45308K, reserved 1089536K
  class space    used 5446K, capacity 5888K, committed 5964K, reserved 1048576K
}
Event: 43.849 GC heap after
{Heap after GC invocations=155 (full 0):
 garbage-first heap   total 153600K, used 40767K [0x0000000702800000, 0x0000000800000000)
  region size 1024K, 1 young (1024K), 1 survivors (1024K)
 Metaspace       used 44027K, capacity 45173K, committed 45308K, reserved 1089536K
  class space    used 5446K, capacity 5888K, committed 5964K, reserved 1048576K
}
Event: 43.914 GC heap before
{Heap before GC invocations=156 (full 0):
 garbage-first heap   total 150528K, used 52031K [0x0000000702800000, 0x0000000800000000)
  region size 1024K, 3 young (3072K), 1 survivors (1024K)
 Metaspace       used 44027K, capacity 45173K, committed 45308K, reserved 1089536K
  class space    used 5446K, capacity 5888K, committed 5964K, reserved 1048576K
}
Event: 43.916 GC heap after
{Heap after GC invocations=157 (full 0):
 garbage-first heap   total 150528K, used 39720K [0x0000000702800000, 0x0000000800000000)
  region size 1024K, 1 young (1024K), 1 survivors (1024K)
 Metaspace       used 44027K, capacity 45173K, committed 45308K, reserved 1089536K
  class space    used 5446K, capacity 5888K, committed 5964K, reserved 1048576K
}
Event: 44.328 GC heap before
{Heap before GC invocations=158 (full 0):
 garbage-first heap   total 150528K, used 55080K [0x0000000702800000, 0x0000000800000000)
  region size 1024K, 9 young (9216K), 1 survivors (1024K)
 Metaspace       used 44027K, capacity 45173K, committed 45308K, reserved 1089536K
  class space    used 5446K, capacity 5888K, committed 5964K, reserved 1048576K
}
Event: 44.330 GC heap after
{Heap after GC invocations=159 (full 0):
 garbage-first heap   total 150528K, used 34996K [0x0000000702800000, 0x0000000800000000)
  region size 1024K, 2 young (2048K), 2 survivors (2048K)
 Metaspace       used 44027K, capacity 45173K, committed 45308K, reserved 1089536K
  class space    used 5446K, capacity 5888K, committed 5964K, reserved 1048576K
}
Event: 44.386 GC heap before
{Heap before GC invocations=160 (full 0):
 garbage-first heap   total 150528K, used 60596K [0x0000000702800000, 0x0000000800000000)
  region size 1024K, 6 young (6144K), 2 survivors (2048K)
 Metaspace       used 44027K, capacity 45173K, committed 45308K, reserved 1089536K
  class space    used 5446K, capacity 5888K, committed 5964K, reserved 1048576K
}
Event: 44.388 GC heap after
{Heap after GC invocations=161 (full 0):
 garbage-first heap   total 150528K, used 36845K [0x0000000702800000, 0x0000000800000000)
  region size 1024K, 1 young (1024K), 1 survivors (1024K)
 Metaspace       used 44027K, capacity 45173K, committed 45308K, reserved 1089536K
  class space    used 5446K, capacity 5888K, committed 5964K, reserved 1048576K
}
Event: 44.828 GC heap before
{Heap before GC invocations=162 (full 0):
 garbage-first heap   total 150528K, used 57325K [0x0000000702800000, 0x0000000800000000)
  region size 1024K, 10 young (10240K), 1 survivors (1024K)
 Metaspace       used 44027K, capacity 45173K, committed 45308K, reserved 1089536K
  class space    used 5446K, capacity 5888K, committed 5964K, reserved 1048576K
}
Event: 44.830 GC heap after
{Heap after GC invocations=163 (full 0):
 garbage-first heap   total 150528K, used 37629K [0x0000000702800000, 0x0000000800000000)
  region size 1024K, 2 young (2048K), 2 survivors (2048K)
 Metaspace       used 44027K, capacity 45173K, committed 45308K, reserved 1089536K
  class space    used 5446K, capacity 5888K, committed 5964K, reserved 1048576K
}
Event: 45.334 GC heap before
{Heap before GC invocations=164 (full 0):
 garbage-first heap   total 150528K, used 55037K [0x0000000702800000, 0x0000000800000000)
  region size 1024K, 13 young (13312K), 2 survivors (2048K)
 Metaspace       used 44029K, capacity 45173K, committed 45308K, reserved 1089536K
  class space    used 5446K, capacity 5888K, committed 5964K, reserved 1048576K
}
Event: 45.336 GC heap after
{Heap after GC invocations=165 (full 0):
 garbage-first heap   total 150528K, used 36434K [0x0000000702800000, 0x0000000800000000)
  region size 1024K, 3 young (3072K), 3 survivors (3072K)
 Metaspace       used 44029K, capacity 45173K, committed 45308K, reserved 1089536K
  class space    used 5446K, capacity 5888K, committed 5964K, reserved 1048576K
}

